c:\users\goodo\onedrive - thompson rivers university\school\year3\comp_3141\project\part 2\calculatorproject\debug\calculatorproject.basiccalcform.resources
c:\users\goodo\onedrive - thompson rivers university\school\year3\comp_3141\project\part 2\calculatorproject\debug\calculatorproject.menuform.resources
c:\users\goodo\onedrive - thompson rivers university\school\year3\comp_3141\project\part 2\calculatorproject\debug\calculatorproject.scientificcalcform.resources
c:\users\goodo\onedrive - thompson rivers university\school\year3\comp_3141\project\part 2\calculatorproject\debug\vc142.pdb
c:\users\goodo\onedrive - thompson rivers university\school\year3\comp_3141\project\part 2\calculatorproject\debug\.netframework,version=v4.7.2.assemblyattributes.obj
c:\users\goodo\onedrive - thompson rivers university\school\year3\comp_3141\project\part 2\calculatorproject\debug\scientificcalc.obj
c:\users\goodo\onedrive - thompson rivers university\school\year3\comp_3141\project\part 2\calculatorproject\debug\menuform.obj
c:\users\goodo\onedrive - thompson rivers university\school\year3\comp_3141\project\part 2\calculatorproject\debug\calculator.obj
c:\users\goodo\onedrive - thompson rivers university\school\year3\comp_3141\project\part 2\calculatorproject\debug\basiccalcform.obj
c:\users\goodo\onedrive - thompson rivers university\school\year3\comp_3141\project\part 2\calculatorproject\debug\basiccalc.obj
c:\users\goodo\onedrive - thompson rivers university\school\year3\comp_3141\project\part 2\calculatorproject\debug\scientificcalcform.obj
c:\users\goodo\onedrive - thompson rivers university\school\year3\comp_3141\project\part 2\calculatorproject\debug\calculatorproject.exe
c:\users\goodo\onedrive - thompson rivers university\school\year3\comp_3141\project\part 2\calculatorproject\debug\calculatorproject.pdb
c:\users\goodo\onedrive - thompson rivers university\school\year3\comp_3141\project\part 2\calculatorproject\debug\calculatorproject.exe.metagen
c:\users\goodo\onedrive - thompson rivers university\school\year3\comp_3141\project\part 2\calculatorproject\debug\calculat.d75d7748.tlog\calculatorproject.write.1u.tlog
c:\users\goodo\onedrive - thompson rivers university\school\year3\comp_3141\project\part 2\calculatorproject\debug\calculat.d75d7748.tlog\cl.command.1.tlog
c:\users\goodo\onedrive - thompson rivers university\school\year3\comp_3141\project\part 2\calculatorproject\debug\calculat.d75d7748.tlog\cl.read.1.tlog
c:\users\goodo\onedrive - thompson rivers university\school\year3\comp_3141\project\part 2\calculatorproject\debug\calculat.d75d7748.tlog\cl.write.1.tlog
c:\users\goodo\onedrive - thompson rivers university\school\year3\comp_3141\project\part 2\calculatorproject\debug\calculat.d75d7748.tlog\link.command.1.tlog
c:\users\goodo\onedrive - thompson rivers university\school\year3\comp_3141\project\part 2\calculatorproject\debug\calculat.d75d7748.tlog\link.read.1.tlog
c:\users\goodo\onedrive - thompson rivers university\school\year3\comp_3141\project\part 2\calculatorproject\debug\calculat.d75d7748.tlog\link.write.1.tlog
c:\users\goodo\onedrive - thompson rivers university\school\year3\comp_3141\project\part 2\calculatorproject\debug\calculat.d75d7748.tlog\metagen.read.1.tlog
c:\users\goodo\onedrive - thompson rivers university\school\year3\comp_3141\project\part 2\calculatorproject\debug\calculat.d75d7748.tlog\metagen.write.1.tlog
